make --dry-run --always-make --keep-going --print-directory
make: Entering directory '/home/maher/Documents/42-cursus/minishell'
mkdir -p build/src/lexer/
gcc -Wall -Wextra -Werror  -I inc/ -g -c src/lexer/lexing.c -o build/src/lexer/lexing.o
mkdir -p build/src/
gcc -Wall -Wextra -Werror  -I inc/ -g -c src/main.c -o build/src/main.o
mkdir -p build/src/utils/
gcc -Wall -Wextra -Werror  -I inc/ -g -c src/utils/ft_new_node.c -o build/src/utils/ft_new_node.o
mkdir -p build/src/utils/
gcc -Wall -Wextra -Werror  -I inc/ -g -c src/utils/node_operations_parse.c -o build/src/utils/node_operations_parse.o
mkdir -p build/src/utils/
gcc -Wall -Wextra -Werror  -I inc/ -g -c src/utils/get_token.c -o build/src/utils/get_token.o
mkdir -p build/src/utils/
gcc -Wall -Wextra -Werror  -I inc/ -g -c src/utils/get_cmd.c -o build/src/utils/get_cmd.o
mkdir -p build/src/utils/
gcc -Wall -Wextra -Werror  -I inc/ -g -c src/utils/free_list.c -o build/src/utils/free_list.o
mkdir -p build/src/utils/
gcc -Wall -Wextra -Werror  -I inc/ -g -c src/utils/general_utils.c -o build/src/utils/general_utils.o
mkdir -p build/src/utils/
gcc -Wall -Wextra -Werror  -I inc/ -g -c src/utils/number_utils.c -o build/src/utils/number_utils.o
mkdir -p build/src/utils/
gcc -Wall -Wextra -Werror  -I inc/ -g -c src/utils/free_tree.c -o build/src/utils/free_tree.o
mkdir -p build/src/dbg_utils/
gcc -Wall -Wextra -Werror  -I inc/ -g -c src/dbg_utils/token_str.c -o build/src/dbg_utils/token_str.o
mkdir -p build/src/dbg_utils/
gcc -Wall -Wextra -Werror  -I inc/ -g -c src/dbg_utils/check_lists.c -o build/src/dbg_utils/check_lists.o
mkdir -p build/src/dbg_utils/
gcc -Wall -Wextra -Werror  -I inc/ -g -c src/dbg_utils/tree_debug.c -o build/src/dbg_utils/tree_debug.o
mkdir -p build/src/dbg_utils/
gcc -Wall -Wextra -Werror  -I inc/ -g -c src/dbg_utils/visual_tree.c -o build/src/dbg_utils/visual_tree.o
mkdir -p build/src/parser/checks/
gcc -Wall -Wextra -Werror  -I inc/ -g -c src/parser/checks/check_quotes.c -o build/src/parser/checks/check_quotes.o
mkdir -p build/src/parser/checks/
gcc -Wall -Wextra -Werror  -I inc/ -g -c src/parser/checks/check_all.c -o build/src/parser/checks/check_all.o
mkdir -p build/src/parser/checks/
gcc -Wall -Wextra -Werror  -I inc/ -g -c src/parser/checks/two_nearby_tokens.c -o build/src/parser/checks/two_nearby_tokens.o
mkdir -p build/src/parser/checks/
gcc -Wall -Wextra -Werror  -I inc/ -g -c src/parser/checks/check_conditional.c -o build/src/parser/checks/check_conditional.o
mkdir -p build/src/parser/checks/
gcc -Wall -Wextra -Werror  -I inc/ -g -c src/parser/checks/check_paranthesis.c -o build/src/parser/checks/check_paranthesis.o
mkdir -p build/src/parser/pipe/
gcc -Wall -Wextra -Werror  -I inc/ -g -c src/parser/pipe/pipe.c -o build/src/parser/pipe/pipe.o
mkdir -p build/src/parser/quotes/
gcc -Wall -Wextra -Werror  -I inc/ -g -c src/parser/quotes/handle_single_quotes.c -o build/src/parser/quotes/handle_single_quotes.o
mkdir -p build/src/parser/quotes/
gcc -Wall -Wextra -Werror  -I inc/ -g -c src/parser/quotes/handle_double_quotes.c -o build/src/parser/quotes/handle_double_quotes.o
mkdir -p build/src/parser/quotes/
gcc -Wall -Wextra -Werror  -I inc/ -g -c src/parser/quotes/handle_quotes.c -o build/src/parser/quotes/handle_quotes.o
mkdir -p build/src/parser/redirections/
gcc -Wall -Wextra -Werror  -I inc/ -g -c src/parser/redirections/o_redr.c -o build/src/parser/redirections/o_redr.o
mkdir -p build/src/parser/main_tree/
gcc -Wall -Wextra -Werror  -I inc/ -g -c src/parser/main_tree/main_tree.c -o build/src/parser/main_tree/main_tree.o
mkdir -p build/src/parser/main_tree/
gcc -Wall -Wextra -Werror  -I inc/ -g -c src/parser/main_tree/analyze_cmd.c -o build/src/parser/main_tree/analyze_cmd.o
mkdir -p build/src/parser/parenthesis/
gcc -Wall -Wextra -Werror  -I inc/ -g -c src/parser/parenthesis/parse_parenthesis.c -o build/src/parser/parenthesis/parse_parenthesis.o
mkdir -p build/src/parser/
gcc -Wall -Wextra -Werror  -I inc/ -g -c src/parser/parser.c -o build/src/parser/parser.o
mkdir -p build/src/exec/
gcc -Wall -Wextra -Werror  -I inc/ -g -c src/exec/exec.c -o build/src/exec/exec.o
mkdir -p build/src/exec/
gcc -Wall -Wextra -Werror  -I inc/ -g -c src/exec/gen_utils.c -o build/src/exec/gen_utils.o
mkdir -p build/src/exec/
gcc -Wall -Wextra -Werror  -I inc/ -g -c src/exec/error_handling.c -o build/src/exec/error_handling.o
mkdir -p build/src/exec/
gcc -Wall -Wextra -Werror  -I inc/ -g -c src/exec/reds_exec.c -o build/src/exec/reds_exec.o
mkdir -p build/src/exec/
gcc -Wall -Wextra -Werror  -I inc/ -g -c src/exec/or_and_exec.c -o build/src/exec/or_and_exec.o
mkdir -p build/src/exec/builtins/
gcc -Wall -Wextra -Werror  -I inc/ -g -c src/exec/builtins/check_builtins.c -o build/src/exec/builtins/check_builtins.o
mkdir -p build/src/exec/builtins/
gcc -Wall -Wextra -Werror  -I inc/ -g -c src/exec/builtins/echo.c -o build/src/exec/builtins/echo.o
cd libft && make
gcc -Wall -Wextra -Werror   -g  build/src/lexer/lexing.o build/src/main.o build/src/utils/ft_new_node.o build/src/utils/node_operations_parse.o build/src/utils/get_token.o build/src/utils/get_cmd.o build/src/utils/free_list.o build/src/utils/general_utils.o build/src/utils/number_utils.o build/src/utils/free_tree.o build/src/dbg_utils/token_str.o build/src/dbg_utils/check_lists.o build/src/dbg_utils/tree_debug.o build/src/dbg_utils/visual_tree.o build/src/parser/checks/check_quotes.o build/src/parser/checks/check_all.o build/src/parser/checks/two_nearby_tokens.o build/src/parser/checks/check_conditional.o build/src/parser/checks/check_paranthesis.o build/src/parser/pipe/pipe.o build/src/parser/quotes/handle_single_quotes.o build/src/parser/quotes/handle_double_quotes.o build/src/parser/quotes/handle_quotes.o build/src/parser/redirections/o_redr.o build/src/parser/main_tree/main_tree.o build/src/parser/main_tree/analyze_cmd.o build/src/parser/parenthesis/parse_parenthesis.o build/src/parser/parser.o build/src/exec/exec.o build/src/exec/gen_utils.o build/src/exec/error_handling.o build/src/exec/reds_exec.o build/src/exec/or_and_exec.o build/src/exec/builtins/check_builtins.o build/src/exec/builtins/echo.o libft/libft.a -I inc/ -o minishell -lreadline
make: Leaving directory '/home/maher/Documents/42-cursus/minishell'
 
