make all --print-data-base --no-builtin-variables --no-builtin-rules --question
# GNU Make 3.81
# Copyright (C) 2006  Free Software Foundation, Inc.
# This is free software; see the source for copying conditions.
# There is NO warranty; not even for MERCHANTABILITY or FITNESS FOR A
# PARTICULAR PURPOSE.

# This program built for i386-apple-darwin11.3.0

# Make data base, printed on Tue Aug 16 17:53:28 2022

# Variables

# makefile (from `Makefile', line 22)
UTILS = $(addprefix utils/, ft_new_node.c node_operations_parse.c get_token.c get_cmd.c free_list.c general_utils.c number_utils.c free_tree.c)
# automatic
<D = $(patsubst %/,%,$(dir $<))
# automatic
?F = $(notdir $?)
# environment
VSCODE_LOG_NATIVE = false
# automatic
?D = $(patsubst %/,%,$(dir $?))
# environment
CPPFLAGS = -I/goinfre/snagat/.brew/opt/readline/include
# automatic
@D = $(patsubst %/,%,$(dir $@))
# automatic
@F = $(notdir $@)
# makefile
CURDIR := /Users/snagat/minishell
# makefile
SHELL = /bin/sh
# makefile (from `Makefile', line 30)
PARSRED = $(addprefix parser/redirections/, o_redr.c)
# makefile (from `Makefile', line 18)
B_DIR = build
# environment
VSCODE_NLS_CONFIG = {"locale":"en-us","availableLanguages":{},"_languagePackSupport":true}
# environment
_ = /usr/bin/make
# makefile (from `Makefile', line 1)
MAKEFILE_LIST :=  Makefile
# environment
VSCODE_VERBOSE_LOGGING = true
# makefile (from `Makefile', line 35)
CFILES = $(addprefix src/, $(LEXERC) $(MAIN) $(UTILS) $(DBGUTILS) $(PARSCHECK) $(PARSEPIPE) $(PARSQUOTES) $(PARSRED) $(PARSENV) $(PARSETREE) $(PARSEP) $(PARSERC) $(EXEC) $(BUILTINS))
# environment
VSCODE_IPC_HOOK_EXTHOST = /var/folders/zz/zyxvpxvq6csfxvn_n000cf880033k2/T/vscode-ipc-1fcb3b86-f30a-4c1e-a7b0-89e8c758c0e9.sock
# environment
VSCODE_CWD = /
# makefile (from `Makefile', line 28)
PARSQUOTES = $(addprefix parser/quotes/, handle_single_quotes.c handle_double_quotes.c handle_quotes.c)
# environment
Apple_PubSub_Socket_Render = /private/tmp/com.apple.launchd.iuCKPR6ct3/Render
# environment
PATH = /goinfre/snagat/miniconda3/bin:/Users/snagat/goinfre/.brew/bin:/usr/local/bin:/usr/bin:/bin:/usr/sbin:/sbin:/usr/local/munki
# environment
LSCOLORS = Gxfxcxdxbxegedabagacad
# makefile (from `Makefile', line 29)
PARSCHECK = $(addprefix parser/checks/, check_quotes.c check_all.c two_nearby_tokens.c check_conditional.c check_paranthesis.c) 
# environment
VSCODE_LOG_STACK = false
# environment
ELECTRON_RUN_AS_NODE = 1
# environment
LDFLAGS = -L/goinfre/snagat/.brew/opt/readline/lib
# makefile (from `Makefile', line 24)
LEXERC = $(addprefix lexer/, lexing.c)
# default
.FEATURES := target-specific order-only second-expansion else-if archives jobserver check-symlink
# environment
SSH_AUTH_SOCK = /private/tmp/com.apple.launchd.b8tfxAMGxd/Listeners
# automatic
%F = $(notdir $%)
# environment
VSCODE_PIPE_LOGGING = true
# environment
PWD = /Users/snagat/minishell
# makefile (from `Makefile', line 34)
BUILTINS = $(addprefix exec/builtins/, check_builtins.c echo.c)
# environment
ORIGINAL_XDG_CURRENT_DESKTOP = undefined
# environment
VSCODE_AMD_ENTRYPOINT = vs/workbench/api/node/extensionHostProcess
# environment
HOME = /Users/snagat
# default
MAKEFILEPATH = $(shell /usr/bin/xcode-select -print-path 2>/dev/null || echo /Developer)/Makefiles
# environment
VSCODE_CODE_CACHE_PATH = /Users/snagat/Library/Application Support/Code/CachedData/57fd6d0195bb9b9d1b49f6da5db789060795de47
# environment
LOGNAME = snagat
# environment
APPLICATION_INSIGHTS_NO_DIAGNOSTIC_CHANNEL = 1
# environment
ZSH = /Users/snagat/.oh-my-zsh
# environment
VSCODE_HANDLES_UNCAUGHT_ERRORS = true
# automatic
^D = $(patsubst %/,%,$(dir $^))
# environment
XPC_FLAGS = 0x0
# default
MAKE = $(MAKE_COMMAND)
# default
MAKECMDGOALS := all
# environment
SHLVL = 1
# makefile (from `Makefile', line 37)
LIBFT = libft/libft.a
# makefile (from `Makefile', line 14)
CC = gcc
# makefile (from `Makefile', line 31)
PARSENV = $(addprefix parser/expansion/, expand.c wildcard.c)
# makefile (from `Makefile', line 33)
EXEC = $(addprefix exec/, exec.c gen_utils.c error_handling.c reds_exec.c or_and_exec.c)
# default
MAKE_VERSION := 3.81
# environment
USER = snagat
# makefile
.DEFAULT_GOAL := all
# makefile (from `Makefile', line 25)
PARSERC = $(addprefix parser/, parser.c)
# environment
LESS = -R
# automatic
%D = $(patsubst %/,%,$(dir $%))
# default
MAKE_COMMAND := /Library/Developer/CommandLineTools/usr/bin/make
# makefile (from `Makefile', line 15)
INC = inc/
# default
.VARIABLES := 
# environment
TMPDIR = /var/folders/zz/zyxvpxvq6csfxvn_n000cf880033k2/T/
# automatic
*F = $(notdir $*)
# environment
VSCODE_IPC_HOOK = /Users/snagat/Library/Application Support/Code/1.67.0-main.sock
# makefile (from `Makefile', line 38)
PROGRAM = minishell
# makefile
MAKEFLAGS = Rrqp
# environment
MFLAGS = -Rrqp
# automatic
*D = $(patsubst %/,%,$(dir $*))
# makefile (from `Makefile', line 17)
MAIN = main.c
# environment
XPC_SERVICE_NAME = com.apple.xpc.launchd.oneshot.0x10000002.Electron
# makefile (from `Makefile', line 21)
DBGUTILS = $(addprefix dbg_utils/, token_str.c check_lists.c tree_debug.c visual_tree.c)
# automatic
+D = $(patsubst %/,%,$(dir $+))
# automatic
+F = $(notdir $+)
# makefile (from `Makefile', line 32)
PARSEP = $(addprefix parser/parenthesis/, parse_parenthesis.c)
# environment
__CF_USER_TEXT_ENCODING = 0x18E42:0x0:0x0
# environment
COMMAND_MODE = unix2003
# default
MAKEFILES := 
# environment
HOMEBREW_NO_AUTO_UPDATE = 1
# automatic
<F = $(notdir $<)
# makefile (from `Makefile', line 26)
PARSETREE = $(addprefix parser/main_tree/, main_tree.c analyze_cmd.c)
# environment
PAGER = less
# environment
LC_ALL = C
# makefile (from `Makefile', line 27)
PARSEPIPE = $(addprefix parser/pipe/, pipe.c)
# environment
SECURITYSESSIONID = 186a7
# automatic
^F = $(notdir $^)
# default
SUFFIXES := 
# makefile (from `Makefile', line 16)
FLAGS = -Wall -Wextra -Werror
# default
.INCLUDE_DIRS = /usr/local/include
# makefile (from `Makefile', line 36)
OFILES = $(addprefix build/, $(CFILES:.c=.o))
# environment
MAKELEVEL := 0
# environment
LANG = C
# environment
VSCODE_PID = 1360
# variable set hash-table stats:
# Load=92/1024=9%, Rehash=0, Collisions=6/135=4%

# Pattern-specific Variable Values

# No pattern-specific variable values.

# Directories

# src/exec/builtins (device 16777228, inode 5012637): 4 files, no impossibilities.
# src/parser/parenthesis (device 16777228, inode 4965292): 3 files, no impossibilities.
# src/parser/redirections (device 16777228, inode 4892081): 3 files, no impossibilities so far.
# . (device 16777228, inode 4627553): 12 files, no impossibilities.
# src/parser/main_tree (device 16777228, inode 4891643): 4 files, no impossibilities.
# src/utils (device 16777228, inode 4634681): 10 files, no impossibilities so far.
# src/parser/pipe (device 16777228, inode 4892074): 3 files, no impossibilities so far.
# src/parser/expansion (device 16777228, inode 5483182): 4 files, no impossibilities so far.
# src (device 16777228, inode 4628846): 6 files, no impossibilities so far.
# src/exec (device 16777228, inode 4703636): 10 files, no impossibilities.
# src/parser/checks (device 16777228, inode 4735045): 8 files, no impossibilities so far.
# src/dbg_utils (device 16777228, inode 4703590): 6 files, no impossibilities so far.
# src/lexer (device 16777228, inode 4630578): 3 files, no impossibilities so far.
# src/parser (device 16777228, inode 4703598): 11 files, no impossibilities.
# src/parser/quotes (device 16777228, inode 4892076): 5 files, no impossibilities so far.

# 92 files, no impossibilities in 15 directories.

# Implicit Rules

build/%.o: %.c
#  commands to execute (from `Makefile', line 47):
	@mkdir -p $(dir $@)
	$(CC) $(FLAGS) $(CPPFLAGS) -I $(INC) -g -c $< -o $@
	

# 1 implicit rules, 0 (0.0%) terminal.

# Files

# Not a target:
src/parser/quotes/handle_quotes.c:
#  Implicit rule search has been done.
#  Last modified 2022-08-16 14:19:37
#  File has been updated.
#  Successfully updated.
# variable set hash-table stats:
# Load=0/32=0%, Rehash=0, Collisions=0/0=0%

# Not a target:
src/dbg_utils/visual_tree.c:
#  Implicit rule search has been done.
#  Last modified 2022-08-16 14:19:37
#  File has been updated.
#  Successfully updated.
# variable set hash-table stats:
 
# Load=0/32=0%, Rehash=0, Collisions=0/0=0%

build/src/parser/checks/check_conditional.o: src/parser/checks/check_conditional.c
#  Implicit rule search has been done.
#  Implicit/static pattern stem: `src/parser/checks/check_conditional'
#  Last modified 2022-08-16 14:10:36
#  File has been updated.
#  Successfully updated.
# variable set hash-table stats:
# Load=0/32=0%, Rehash=0, Collisions=0/0=0%
#  commands to execute (from `Makefile', line 47):
	@mkdir -p $(dir $@)
	$(CC) $(FLAGS) $(CPPFLAGS) -I $(INC) -g -c $< -o $@
	

# Not a target:
src/utils/get_cmd.c:
#  Implicit rule search has been done.
#  Last modified 2022-06-05 18:35:07
#  File has been updated.
#  Successfully updated.
# variable set hash-table stats:
# Load=0/32=0%, Rehash=0, Collisions=0/0=0%

build/src/parser/quotes/handle_double_quotes.o: src/parser/quotes/handle_double_quotes.c
#  Implicit rule search has been done.
#  Implicit/static pattern stem: `src/parser/quotes/handle_double_quotes'
#  Last modified 2022-08-16 14:10:36
#  File has been updated.
#  Successfully updated.
# variable set hash-table stats:
# Load=0/32=0%, Rehash=0, Collisions=0/0=0%
#  commands to execute (from `Makefile', line 47):
	@mkdir -p $(dir $@)
	$(CC) $(FLAGS) $(CPPFLAGS) -I $(INC) -g -c $< -o $@
	

build/src/exec/gen_utils.o: src/exec/gen_utils.c
#  Implicit rule search has been done.
#  Implicit/static pattern stem: `src/exec/gen_utils'
#  Last modified 2022-08-16 14:21:07
#  File has been updated.
#  Successfully updated.
# variable set hash-table stats:
# Load=0/32=0%, Rehash=0, Collisions=0/0=0%
#  commands to execute (from `Makefile', line 47):
	@mkdir -p $(dir $@)
	$(CC) $(FLAGS) $(CPPFLAGS) -I $(INC) -g -c $< -o $@
	

# Not a target:
src/parser/parenthesis/parse_parenthesis.c:
#  Implicit rule search has been done.
#  Last modified 2022-08-16 14:19:37
#  File has been updated.
#  Successfully updated.
# variable set hash-table stats:
# Load=0/32=0%, Rehash=0, Collisions=0/0=0%

all: minishell
#  Command-line target.
#  Implicit rule search has been done.
#  File does not exist.
#  File has been updated.
#  Successfully updated.
# variable set hash-table stats:
# Load=0/32=0%, Rehash=0, Collisions=0/0=0%

build/src/parser/parser.o: src/parser/parser.c
#  Implicit rule search has been done.
#  Implicit/static pattern stem: `src/parser/parser'
#  Last modified 2022-08-16 14:21:07
#  File has been updated.
#  Successfully updated.
# variable set hash-table stats:
# Load=0/32=0%, Rehash=0, Collisions=0/0=0%
#  commands to execute (from `Makefile', line 47):
	@mkdir -p $(dir $@)
	$(CC) $(FLAGS) $(CPPFLAGS) -I $(INC) -g -c $< -o $@
	

# Not a target:
src/exec/or_and_exec.c:
#  Implicit rule search has been done.
#  Last modified 2022-08-16 14:19:37
#  File has been updated.
#  Successfully updated.
# variable set hash-table stats:
# Load=0/32=0%, Rehash=0, Collisions=0/0=0%

build/src/dbg_utils/token_str.o: src/dbg_utils/token_str.c
#  Implicit rule search has been done.
#  Implicit/static pattern stem: `src/dbg_utils/token_str'
#  Last modified 2022-08-16 14:10:35
#  File has been updated.
#  Successfully updated.
# variable set hash-table stats:
# Load=0/32=0%, Rehash=0, Collisions=0/0=0%
#  commands to execute (from `Makefile', line 47):
	@mkdir -p $(dir $@)
	$(CC) $(FLAGS) $(CPPFLAGS) -I $(INC) -g -c $< -o $@
	

build/src/utils/number_utils.o: src/utils/number_utils.c
#  Implicit rule search has been done.
#  Implicit/static pattern stem: `src/utils/number_utils'
#  Last modified 2022-08-16 14:10:35
#  File has been updated.
#  Successfully updated.
# variable set hash-table stats:
# Load=0/32=0%, Rehash=0, Collisions=0/0=0%
#  commands to execute (from `Makefile', line 47):
	@mkdir -p $(dir $@)
	$(CC) $(FLAGS) $(CPPFLAGS) -I $(INC) -g -c $< -o $@
	

build/src/exec/reds_exec.o: src/exec/reds_exec.c
#  Implicit rule search has been done.
#  Implicit/static pattern stem: `src/exec/reds_exec'
#  Last modified 2022-08-16 16:43:01
#  File has been updated.
#  Successfully updated.
# variable set hash-table stats:
# Load=0/32=0%, Rehash=0, Collisions=0/0=0%
#  commands to execute (from `Makefile', line 47):
	@mkdir -p $(dir $@)
	$(CC) $(FLAGS) $(CPPFLAGS) -I $(INC) -g -c $< -o $@
	

build/src/parser/expansion/wildcard.o: src/parser/expansion/wildcard.c
#  Implicit rule search has been done.
#  Implicit/static pattern stem: `src/parser/expansion/wildcard'
#  Last modified 2022-08-16 14:21:07
#  File has been updated.
#  Successfully updated.
# variable set hash-table stats:
# Load=0/32=0%, Rehash=0, Collisions=0/0=0%
#  commands to execute (from `Makefile', line 47):
	@mkdir -p $(dir $@)
	$(CC) $(FLAGS) $(CPPFLAGS) -I $(INC) -g -c $< -o $@
	

build/src/lexer/lexing.o: src/lexer/lexing.c
#  Implicit rule search has been done.
#  Implicit/static pattern stem: `src/lexer/lexing'
#  Last modified 2022-08-16 14:10:34
#  File has been updated.
#  Successfully updated.
# variable set hash-table stats:
# Load=0/32=0%, Rehash=0, Collisions=0/0=0%
#  commands to execute (from `Makefile', line 47):
	@mkdir -p $(dir $@)
	$(CC) $(FLAGS) $(CPPFLAGS) -I $(INC) -g -c $< -o $@
	

# Not a target:
src/exec/error_handling.c:
#  Implicit rule search has been done.
#  Last modified 2022-06-25 11:55:12
#  File has been updated.
#  Successfully updated.
# variable set hash-table stats:
# Load=0/32=0%, Rehash=0, Collisions=0/0=0%

# Not a target:
src/parser/main_tree/analyze_cmd.c:
#  Implicit rule search has been done.
#  Last modified 2022-08-16 14:19:37
#  File has been updated.
#  Successfully updated.
# variable set hash-table stats:
# Load=0/32=0%, Rehash=0, Collisions=0/0=0%

build/src/exec/builtins/check_builtins.o: src/exec/builtins/check_builtins.c
#  Implicit rule search has been done.
#  Implicit/static pattern stem: `src/exec/builtins/check_builtins'
#  Last modified 2022-08-16 14:21:08
#  File has been updated.
#  Successfully updated.
# variable set hash-table stats:
# Load=0/32=0%, Rehash=0, Collisions=0/0=0%
#  commands to execute (from `Makefile', line 47):
	@mkdir -p $(dir $@)
	$(CC) $(FLAGS) $(CPPFLAGS) -I $(INC) -g -c $< -o $@
	

# Not a target:
.SUFFIXES:
#  Implicit rule search has not been done.
#  Modification time never checked.
#  File has not been updated.

build/src/parser/quotes/handle_quotes.o: src/parser/quotes/handle_quotes.c
#  Implicit rule search has been done.
#  Implicit/static pattern stem: `src/parser/quotes/handle_quotes'
#  Last modified 2022-08-16 14:21:07
#  File has been updated.
#  Successfully updated.
# variable set hash-table stats:
# Load=0/32=0%, Rehash=0, Collisions=0/0=0%
#  commands to execute (from `Makefile', line 47):
	@mkdir -p $(dir $@)
	$(CC) $(FLAGS) $(CPPFLAGS) -I $(INC) -g -c $< -o $@
	

# Not a target:
Makefile:
#  Implicit rule search has been done.
#  Last modified 2022-08-16 14:19:37
#  File has been updated.
#  Successfully updated.
# variable set hash-table stats:
# Load=0/32=0%, Rehash=0, Collisions=0/0=0%

# Not a target:
src/exec/exec.c:
#  Implicit rule search has been done.
#  Last modified 2022-08-16 16:53:13
#  File has been updated.
#  Successfully updated.
# variable set hash-table stats:
# Load=0/32=0%, Rehash=0, Collisions=0/0=0%

build/src/dbg_utils/visual_tree.o: src/dbg_utils/visual_tree.c
#  Implicit rule search has been done.
#  Implicit/static pattern stem: `src/dbg_utils/visual_tree'
#  Last modified 2022-08-16 14:21:06
#  File has been updated.
#  Successfully updated.
# variable set hash-table stats:
# Load=0/32=0%, Rehash=0, Collisions=0/0=0%
#  commands to execute (from `Makefile', line 47):
	@mkdir -p $(dir $@)
	$(CC) $(FLAGS) $(CPPFLAGS) -I $(INC) -g -c $< -o $@
	

build/src/utils/get_cmd.o: src/utils/get_cmd.c
#  Implicit rule search has been done.
#  Implicit/static pattern stem: `src/utils/get_cmd'
#  Last modified 2022-08-16 14:10:35
#  File has been updated.
#  Successfully updated.
# variable set hash-table stats:
# Load=0/32=0%, Rehash=0, Collisions=0/0=0%
#  commands to execute (from `Makefile', line 47):
	@mkdir -p $(dir $@)
	$(CC) $(FLAGS) $(CPPFLAGS) -I $(INC) -g -c $< -o $@
	

build/src/parser/main_tree/main_tree.o: src/parser/main_tree/main_tree.c
#  Implicit rule search has been done.
 
#  Implicit/static pattern stem: `src/parser/main_tree/main_tree'
#  Last modified 2022-08-16 14:21:07
#  File has been updated.
#  Successfully updated.
# variable set hash-table stats:
# Load=0/32=0%, Rehash=0, Collisions=0/0=0%
#  commands to execute (from `Makefile', line 47):
	@mkdir -p $(dir $@)
	$(CC) $(FLAGS) $(CPPFLAGS) -I $(INC) -g -c $< -o $@
	

build/src/parser/parenthesis/parse_parenthesis.o: src/parser/parenthesis/parse_parenthesis.c
#  Implicit rule search has been done.
#  Implicit/static pattern stem: `src/parser/parenthesis/parse_parenthesis'
#  Last modified 2022-08-16 14:21:07
#  File has been updated.
#  Successfully updated.
# variable set hash-table stats:
# Load=0/32=0%, Rehash=0, Collisions=0/0=0%
#  commands to execute (from `Makefile', line 47):
	@mkdir -p $(dir $@)
	$(CC) $(FLAGS) $(CPPFLAGS) -I $(INC) -g -c $< -o $@
	

# Not a target:
src/parser/checks/check_quotes.c:
#  Implicit rule search has been done.
#  Last modified 2022-06-14 10:43:31
#  File has been updated.
#  Successfully updated.
# variable set hash-table stats:
# Load=0/32=0%, Rehash=0, Collisions=0/0=0%

# Not a target:
src/exec/builtins/echo.c:
#  Implicit rule search has been done.
#  Last modified 2022-08-11 11:35:32
#  File has been updated.
#  Successfully updated.
# variable set hash-table stats:
# Load=0/32=0%, Rehash=0, Collisions=0/0=0%

# Not a target:
src/parser/quotes/handle_single_quotes.c:
#  Implicit rule search has been done.
#  Last modified 2022-08-16 14:19:37
#  File has been updated.
#  Successfully updated.
# variable set hash-table stats:
# Load=0/32=0%, Rehash=0, Collisions=0/0=0%

# Not a target:
src/utils/ft_new_node.c:
#  Implicit rule search has been done.
#  Last modified 2022-08-16 14:19:37
#  File has been updated.
#  Successfully updated.
# variable set hash-table stats:
# Load=0/32=0%, Rehash=0, Collisions=0/0=0%

# Not a target:
src/dbg_utils/tree_debug.c:
#  Implicit rule search has been done.
#  Last modified 2022-08-16 14:20:58
#  File has been updated.
#  Successfully updated.
# variable set hash-table stats:
# Load=0/32=0%, Rehash=0, Collisions=0/0=0%

build/src/exec/or_and_exec.o: src/exec/or_and_exec.c
#  Implicit rule search has been done.
#  Implicit/static pattern stem: `src/exec/or_and_exec'
#  Last modified 2022-08-16 14:21:07
#  File has been updated.
#  Successfully updated.
# variable set hash-table stats:
# Load=0/32=0%, Rehash=0, Collisions=0/0=0%
#  commands to execute (from `Makefile', line 47):
	@mkdir -p $(dir $@)
	$(CC) $(FLAGS) $(CPPFLAGS) -I $(INC) -g -c $< -o $@
	

minishell: build/src/lexer/lexing.o build/src/main.o build/src/utils/ft_new_node.o build/src/utils/node_operations_parse.o build/src/utils/get_token.o build/src/utils/get_cmd.o build/src/utils/free_list.o build/src/utils/general_utils.o build/src/utils/number_utils.o build/src/utils/free_tree.o build/src/dbg_utils/token_str.o build/src/dbg_utils/check_lists.o build/src/dbg_utils/tree_debug.o build/src/dbg_utils/visual_tree.o build/src/parser/checks/check_quotes.o build/src/parser/checks/check_all.o build/src/parser/checks/two_nearby_tokens.o build/src/parser/checks/check_conditional.o build/src/parser/checks/check_paranthesis.o build/src/parser/pipe/pipe.o build/src/parser/quotes/handle_single_quotes.o build/src/parser/quotes/handle_double_quotes.o build/src/parser/quotes/handle_quotes.o build/src/parser/redirections/o_redr.o build/src/parser/expansion/expand.o build/src/parser/expansion/wildcard.o build/src/parser/main_tree/main_tree.o build/src/parser/main_tree/analyze_cmd.o build/src/parser/parenthesis/parse_parenthesis.o build/src/parser/parser.o build/src/exec/exec.o build/src/exec/gen_utils.o build/src/exec/error_handling.o build/src/exec/reds_exec.o build/src/exec/or_and_exec.o build/src/exec/builtins/check_builtins.o build/src/exec/builtins/echo.o
#  Implicit rule search has not been done.
#  Last modified 2022-08-16 17:08:22
#  File has been updated.
#  Successfully updated.
# variable set hash-table stats:
# Load=0/32=0%, Rehash=0, Collisions=0/0=0%
#  commands to execute (from `Makefile', line 43):
	@cd libft && make
	$(CC) $(FLAGS) $(LDFLAGS) $(CPPFLAGS) -g  $(OFILES) $(LIBFT) -I $(INC) -o $(PROGRAM) -lreadline
	

# Not a target:
src/parser/parser.c:
#  Implicit rule search has been done.
#  Last modified 2022-08-16 14:20:58
#  File has been updated.
#  Successfully updated.
# variable set hash-table stats:
# Load=0/32=0%, Rehash=0, Collisions=0/0=0%

# Not a target:
src/utils/get_token.c:
#  Implicit rule search has been done.
#  Last modified 2022-06-05 18:35:07
#  File has been updated.
#  Successfully updated.
# variable set hash-table stats:
# Load=0/32=0%, Rehash=0, Collisions=0/0=0%

# Not a target:
src/parser/checks/check_paranthesis.c:
#  Implicit rule search has been done.
#  Last modified 2022-08-16 14:19:37
#  File has been updated.
#  Successfully updated.
# variable set hash-table stats:
# Load=0/32=0%, Rehash=0, Collisions=0/0=0%

fclean: clean
#  Implicit rule search has not been done.
#  Modification time never checked.
#  File has not been updated.
#  commands to execute (from `Makefile', line 55):
	rm  -f $(PROGRAM)
	

build/src/exec/error_handling.o: src/exec/error_handling.c
#  Implicit rule search has been done.
#  Implicit/static pattern stem: `src/exec/error_handling'
#  Last modified 2022-08-16 14:10:37
#  File has been updated.
#  Successfully updated.
# variable set hash-table stats:
# Load=0/32=0%, Rehash=0, Collisions=0/0=0%
#  commands to execute (from `Makefile', line 47):
	@mkdir -p $(dir $@)
	$(CC) $(FLAGS) $(CPPFLAGS) -I $(INC) -g -c $< -o $@
	

# Not a target:
src/dbg_utils/check_lists.c:
#  Implicit rule search has been done.
#  Last modified 2022-08-16 14:19:37
#  File has been updated.
#  Successfully updated.
# variable set hash-table stats:
# Load=0/32=0%, Rehash=0, Collisions=0/0=0%

# Not a target:
src/parser/expansion/expand.c:
#  Implicit rule search has been done.
#  Last modified 2022-08-16 14:19:37
#  File has been updated.
#  Successfully updated.
# variable set hash-table stats:
# Load=0/32=0%, Rehash=0, Collisions=0/0=0%

# Not a target:
src/main.c:
#  Implicit rule search has been done.
#  Last modified 2022-08-16 17:08:19
#  File has been updated.
#  Successfully updated.
# variable set hash-table stats:
# Load=0/32=0%, Rehash=0, Collisions=0/0=0%

build/src/parser/main_tree/analyze_cmd.o: src/parser/main_tree/analyze_cmd.c
#  Implicit rule search has been done.
#  Implicit/static pattern stem: `src/parser/main_tree/analyze_cmd'
#  Last modified 2022-08-16 14:21:07
#  File has been updated.
#  Successfully updated.
# variable set hash-table stats:
# Load=0/32=0%, Rehash=0, Collisions=0/0=0%
#  commands to execute (from `Makefile', line 47):
	@mkdir -p $(dir $@)
	$(CC) $(FLAGS) $(CPPFLAGS) -I $(INC) -g -c $< -o $@
	

# Not a target:
src/utils/node_operations_parse.c:
#  Implicit rule search has been done.
#  Last modified 2022-08-11 11:35:32
#  File has been updated.
#  Successfully updated.
# variable set hash-table stats:
# Load=0/32=0%, Rehash=0, Collisions=0/0=0%

build/src/exec/exec.o: src/exec/exec.c
#  Implicit rule search has been done.
#  Implicit/static pattern stem: `src/exec/exec'
#  Last modified 2022-08-16 16:53:16
#  File has been updated.
#  Successfully updated.
# variable set hash-table stats:
# Load=0/32=0%, Rehash=0, Collisions=0/0=0%
#  commands to execute (from `Makefile', line 47):
	@mkdir -p $(dir $@)
	$(CC) $(FLAGS) $(CPPFLAGS) -I $(INC) -g -c $< -o $@
	

# Not a target:
.DEFAULT:
#  Implicit rule search has not been done.
#  Modification time never checked.
#  File has not been updated.

build/src/parser/checks/check_quotes.o: src/parser/checks/check_quotes.c
#  Implicit rule search has been done.
#  Implicit/static pattern stem: `src/parser/checks/check_quotes'
#  Last modified 2022-08-16 14:10:35
#  File has been updated.
#  Successfully updated.
# variable set hash-table stats:
# Load=0/32=0%, Rehash=0, Collisions=0/0=0%
#  commands to execute (from `Makefile', line 47):
	@mkdir -p $(dir $@)
	$(CC) $(FLAGS) $(CPPFLAGS) -I $(INC) -g -c $< -o $@
	

# Not a target:
src/utils/free_list.c:
#  Implicit rule search has been done.
 
#  Last modified 2022-08-16 14:19:37
#  File has been updated.
#  Successfully updated.
# variable set hash-table stats:
# Load=0/32=0%, Rehash=0, Collisions=0/0=0%

# Not a target:
src/parser/pipe/pipe.c:
#  Implicit rule search has been done.
#  Last modified 2022-08-11 11:35:32
#  File has been updated.
#  Successfully updated.
# variable set hash-table stats:
# Load=0/32=0%, Rehash=0, Collisions=0/0=0%

# Not a target:
src/parser/main_tree/main_tree.c:
#  Implicit rule search has been done.
#  Last modified 2022-08-16 14:19:37
#  File has been updated.
#  Successfully updated.
# variable set hash-table stats:
# Load=0/32=0%, Rehash=0, Collisions=0/0=0%

build/src/exec/builtins/echo.o: src/exec/builtins/echo.c
#  Implicit rule search has been done.
#  Implicit/static pattern stem: `src/exec/builtins/echo'
#  Last modified 2022-08-16 14:10:37
#  File has been updated.
#  Successfully updated.
# variable set hash-table stats:
# Load=0/32=0%, Rehash=0, Collisions=0/0=0%
#  commands to execute (from `Makefile', line 47):
	@mkdir -p $(dir $@)
	$(CC) $(FLAGS) $(CPPFLAGS) -I $(INC) -g -c $< -o $@
	

build/src/parser/quotes/handle_single_quotes.o: src/parser/quotes/handle_single_quotes.c
#  Implicit rule search has been done.
#  Implicit/static pattern stem: `src/parser/quotes/handle_single_quotes'
#  Last modified 2022-08-16 14:21:07
#  File has been updated.
#  Successfully updated.
# variable set hash-table stats:
# Load=0/32=0%, Rehash=0, Collisions=0/0=0%
#  commands to execute (from `Makefile', line 47):
	@mkdir -p $(dir $@)
	$(CC) $(FLAGS) $(CPPFLAGS) -I $(INC) -g -c $< -o $@
	

# Not a target:
src/utils/free_tree.c:
#  Implicit rule search has been done.
#  Last modified 2022-08-16 14:20:58
#  File has been updated.
#  Successfully updated.
# variable set hash-table stats:
# Load=0/32=0%, Rehash=0, Collisions=0/0=0%

# Not a target:
src/parser/checks/check_all.c:
#  Implicit rule search has been done.
#  Last modified 2022-06-21 11:07:32
#  File has been updated.
#  Successfully updated.
# variable set hash-table stats:
# Load=0/32=0%, Rehash=0, Collisions=0/0=0%

build/src/utils/ft_new_node.o: src/utils/ft_new_node.c
#  Implicit rule search has been done.
#  Implicit/static pattern stem: `src/utils/ft_new_node'
#  Last modified 2022-08-16 14:21:06
#  File has been updated.
#  Successfully updated.
# variable set hash-table stats:
# Load=0/32=0%, Rehash=0, Collisions=0/0=0%
#  commands to execute (from `Makefile', line 47):
	@mkdir -p $(dir $@)
	$(CC) $(FLAGS) $(CPPFLAGS) -I $(INC) -g -c $< -o $@
	

re: fclean all
#  Implicit rule search has not been done.
#  Modification time never checked.
#  File has not been updated.

build/src/dbg_utils/tree_debug.o: src/dbg_utils/tree_debug.c
#  Implicit rule search has been done.
#  Implicit/static pattern stem: `src/dbg_utils/tree_debug'
#  Last modified 2022-08-16 14:21:06
#  File has been updated.
#  Successfully updated.
# variable set hash-table stats:
# Load=0/32=0%, Rehash=0, Collisions=0/0=0%
#  commands to execute (from `Makefile', line 47):
	@mkdir -p $(dir $@)
	$(CC) $(FLAGS) $(CPPFLAGS) -I $(INC) -g -c $< -o $@
	

clean:
#  Implicit rule search has not been done.
#  Modification time never checked.
#  File has not been updated.
#  commands to execute (from `Makefile', line 51):
	rm -rf $(B_DIR)
	@cd libft && make fclean
	

# Not a target:
src/parser/checks/two_nearby_tokens.c:
#  Implicit rule search has been done.
#  Last modified 2022-08-16 14:19:37
#  File has been updated.
#  Successfully updated.
# variable set hash-table stats:
# Load=0/32=0%, Rehash=0, Collisions=0/0=0%

build/src/utils/get_token.o: src/utils/get_token.c
#  Implicit rule search has been done.
#  Implicit/static pattern stem: `src/utils/get_token'
#  Last modified 2022-08-16 14:10:35
#  File has been updated.
#  Successfully updated.
# variable set hash-table stats:
# Load=0/32=0%, Rehash=0, Collisions=0/0=0%
#  commands to execute (from `Makefile', line 47):
	@mkdir -p $(dir $@)
	$(CC) $(FLAGS) $(CPPFLAGS) -I $(INC) -g -c $< -o $@
	

# Not a target:
src/parser/redirections/o_redr.c:
#  Implicit rule search has been done.
#  Last modified 2022-08-16 14:20:58
#  File has been updated.
#  Successfully updated.
# variable set hash-table stats:
# Load=0/32=0%, Rehash=0, Collisions=0/0=0%

# Not a target:
src/utils/general_utils.c:
#  Implicit rule search has been done.
#  Last modified 2022-08-10 13:29:27
#  File has been updated.
#  Successfully updated.
# variable set hash-table stats:
# Load=0/32=0%, Rehash=0, Collisions=0/0=0%

build/src/parser/checks/check_paranthesis.o: src/parser/checks/check_paranthesis.c
#  Implicit rule search has been done.
#  Implicit/static pattern stem: `src/parser/checks/check_paranthesis'
#  Last modified 2022-08-16 14:21:07
#  File has been updated.
#  Successfully updated.
# variable set hash-table stats:
# Load=0/32=0%, Rehash=0, Collisions=0/0=0%
#  commands to execute (from `Makefile', line 47):
	@mkdir -p $(dir $@)
	$(CC) $(FLAGS) $(CPPFLAGS) -I $(INC) -g -c $< -o $@
	

build/src/dbg_utils/check_lists.o: src/dbg_utils/check_lists.c
#  Implicit rule search has been done.
#  Implicit/static pattern stem: `src/dbg_utils/check_lists'
#  Last modified 2022-08-16 14:21:06
#  File has been updated.
#  Successfully updated.
# variable set hash-table stats:
# Load=0/32=0%, Rehash=0, Collisions=0/0=0%
#  commands to execute (from `Makefile', line 47):
	@mkdir -p $(dir $@)
	$(CC) $(FLAGS) $(CPPFLAGS) -I $(INC) -g -c $< -o $@
	

build/src/parser/expansion/expand.o: src/parser/expansion/expand.c
#  Implicit rule search has been done.
#  Implicit/static pattern stem: `src/parser/expansion/expand'
#  Last modified 2022-08-16 14:21:07
#  File has been updated.
#  Successfully updated.
# variable set hash-table stats:
# Load=0/32=0%, Rehash=0, Collisions=0/0=0%
#  commands to execute (from `Makefile', line 47):
	@mkdir -p $(dir $@)
	$(CC) $(FLAGS) $(CPPFLAGS) -I $(INC) -g -c $< -o $@
	

build/src/main.o: src/main.c
#  Implicit rule search has been done.
#  Implicit/static pattern stem: `src/main'
#  Last modified 2022-08-16 17:08:22
#  File has been updated.
#  Successfully updated.
# variable set hash-table stats:
# Load=0/32=0%, Rehash=0, Collisions=0/0=0%
#  commands to execute (from `Makefile', line 47):
	@mkdir -p $(dir $@)
	$(CC) $(FLAGS) $(CPPFLAGS) -I $(INC) -g -c $< -o $@
	

# Not a target:
src/parser/checks/check_conditional.c:
#  Implicit rule search has been done.
#  Last modified 2022-06-21 11:07:32
#  File has been updated.
#  Successfully updated.
# variable set hash-table stats:
# Load=0/32=0%, Rehash=0, Collisions=0/0=0%

# Not a target:
src/parser/quotes/handle_double_quotes.c:
#  Implicit rule search has been done.
#  Last modified 2022-06-21 11:07:32
#  File has been updated.
#  Successfully updated.
# variable set hash-table stats:
# Load=0/32=0%, Rehash=0, Collisions=0/0=0%

# Not a target:
src/exec/gen_utils.c:
#  Implicit rule search has been done.
#  Last modified 2022-08-16 14:19:37
#  File has been updated.
#  Successfully updated.
# variable set hash-table stats:
# Load=0/32=0%, Rehash=0, Collisions=0/0=0%

build/src/utils/node_operations_parse.o: src/utils/node_operations_parse.c
#  Implicit rule search has been done.
#  Implicit/static pattern stem: `src/utils/node_operations_parse'
#  Last modified 2022-08-16 14:10:35
#  File has been updated.
#  Successfully updated.
# variable set hash-table stats:
# Load=0/32=0%, Rehash=0, Collisions=0/0=0%
#  commands to execute (from `Makefile', line 47):
	@mkdir -p $(dir $@)
	$(CC) $(FLAGS) $(CPPFLAGS) -I $(INC) -g -c $< -o $@
	

# Not a target:
src/exec/reds_exec.c:
#  Implicit rule search has been done.
#  Last modified 2022-08-16 16:42:52
#  File has been updated.
#  Successfully updated.
# variable set hash-table stats:
# Load=0/32=0%, Rehash=0, Collisions=0/0=0%

build/src/utils/free_list.o: src/utils/free_list.c
#  Implicit rule search has been done.
#  Implicit/static pattern stem: `src/utils/free_list'
#  Last modified 2022-08-16 14:21:06
#  File has been updated.
#  Successfully updated.
# variable set hash-table stats:
# Load=0/32=0%, Rehash=0, Collisions=0/0=0%
 
#  commands to execute (from `Makefile', line 47):
	@mkdir -p $(dir $@)
	$(CC) $(FLAGS) $(CPPFLAGS) -I $(INC) -g -c $< -o $@
	

# Not a target:
src/dbg_utils/token_str.c:
#  Implicit rule search has been done.
#  Last modified 2022-08-11 11:35:32
#  File has been updated.
#  Successfully updated.
# variable set hash-table stats:
# Load=0/32=0%, Rehash=0, Collisions=0/0=0%

build/src/parser/pipe/pipe.o: src/parser/pipe/pipe.c
#  Implicit rule search has been done.
#  Implicit/static pattern stem: `src/parser/pipe/pipe'
#  Last modified 2022-08-16 14:10:36
#  File has been updated.
#  Successfully updated.
# variable set hash-table stats:
# Load=0/32=0%, Rehash=0, Collisions=0/0=0%
#  commands to execute (from `Makefile', line 47):
	@mkdir -p $(dir $@)
	$(CC) $(FLAGS) $(CPPFLAGS) -I $(INC) -g -c $< -o $@
	

# Not a target:
src/utils/number_utils.c:
#  Implicit rule search has been done.
#  Last modified 2022-06-07 12:18:01
#  File has been updated.
#  Successfully updated.
# variable set hash-table stats:
# Load=0/32=0%, Rehash=0, Collisions=0/0=0%

build/src/utils/free_tree.o: src/utils/free_tree.c
#  Implicit rule search has been done.
#  Implicit/static pattern stem: `src/utils/free_tree'
#  Last modified 2022-08-16 14:21:06
#  File has been updated.
#  Successfully updated.
# variable set hash-table stats:
# Load=0/32=0%, Rehash=0, Collisions=0/0=0%
#  commands to execute (from `Makefile', line 47):
	@mkdir -p $(dir $@)
	$(CC) $(FLAGS) $(CPPFLAGS) -I $(INC) -g -c $< -o $@
	

build/src/parser/checks/check_all.o: src/parser/checks/check_all.c
#  Implicit rule search has been done.
#  Implicit/static pattern stem: `src/parser/checks/check_all'
#  Last modified 2022-08-16 14:10:35
#  File has been updated.
#  Successfully updated.
# variable set hash-table stats:
# Load=0/32=0%, Rehash=0, Collisions=0/0=0%
#  commands to execute (from `Makefile', line 47):
	@mkdir -p $(dir $@)
	$(CC) $(FLAGS) $(CPPFLAGS) -I $(INC) -g -c $< -o $@
	

# Not a target:
src/parser/expansion/wildcard.c:
#  Implicit rule search has been done.
#  Last modified 2022-08-16 14:19:37
#  File has been updated.
#  Successfully updated.
# variable set hash-table stats:
# Load=0/32=0%, Rehash=0, Collisions=0/0=0%

# Not a target:
src/lexer/lexing.c:
#  Implicit rule search has been done.
#  Last modified 2022-08-11 11:35:32
#  File has been updated.
#  Successfully updated.
# variable set hash-table stats:
# Load=0/32=0%, Rehash=0, Collisions=0/0=0%

build/src/parser/checks/two_nearby_tokens.o: src/parser/checks/two_nearby_tokens.c
#  Implicit rule search has been done.
#  Implicit/static pattern stem: `src/parser/checks/two_nearby_tokens'
#  Last modified 2022-08-16 14:21:06
#  File has been updated.
#  Successfully updated.
# variable set hash-table stats:
# Load=0/32=0%, Rehash=0, Collisions=0/0=0%
#  commands to execute (from `Makefile', line 47):
	@mkdir -p $(dir $@)
	$(CC) $(FLAGS) $(CPPFLAGS) -I $(INC) -g -c $< -o $@
	

build/src/parser/redirections/o_redr.o: src/parser/redirections/o_redr.c
#  Implicit rule search has been done.
#  Implicit/static pattern stem: `src/parser/redirections/o_redr'
#  Last modified 2022-08-16 14:21:07
#  File has been updated.
#  Successfully updated.
# variable set hash-table stats:
# Load=0/32=0%, Rehash=0, Collisions=0/0=0%
#  commands to execute (from `Makefile', line 47):
	@mkdir -p $(dir $@)
	$(CC) $(FLAGS) $(CPPFLAGS) -I $(INC) -g -c $< -o $@
	

# Not a target:
src/exec/builtins/check_builtins.c:
#  Implicit rule search has been done.
#  Last modified 2022-08-16 14:19:37
#  File has been updated.
#  Successfully updated.
# variable set hash-table stats:
# Load=0/32=0%, Rehash=0, Collisions=0/0=0%

build/src/utils/general_utils.o: src/utils/general_utils.c
#  Implicit rule search has been done.
#  Implicit/static pattern stem: `src/utils/general_utils'
#  Last modified 2022-08-16 14:10:35
#  File has been updated.
#  Successfully updated.
# variable set hash-table stats:
# Load=0/32=0%, Rehash=0, Collisions=0/0=0%
#  commands to execute (from `Makefile', line 47):
	@mkdir -p $(dir $@)
	$(CC) $(FLAGS) $(CPPFLAGS) -I $(INC) -g -c $< -o $@
	

# files hash-table stats:
# Load=82/1024=8%, Rehash=0, Collisions=9/247=4%
# VPATH Search Paths

# No `vpath' search paths.

# No general (`VPATH' variable) search path.

# # of strings in strcache: 1
# # of strcache buffers: 1
# strcache size: total = 4096 / max = 4096 / min = 4096 / avg = 4096
# strcache free: total = 4087 / max = 4087 / min = 4087 / avg = 4087

# Finished Make data base on Tue Aug 16 17:53:28 2022

 
